<?xml version="1.0" encoding="UTF-8"?>
<!-- Generated by org.testng.reporters.JUnitReportReporter -->
<testsuite hostname="LAPTOP-G5N4TP14" name="JenkinsDem" tests="1" failures="0" timestamp="5 Jul 2018 09:33:09 GMT" time="0.018" errors="0">
  <testcase name="testJenkin" time="0.018" classname="JenkinsDem"/>
</testsuite> <!-- JenkinsDem -->
